[0.017s] Invoking command in '/home/michiakisugawara/ros_ws/src/r2_ctrl/build/r2_ctrl': CMAKE_PREFIX_PATH=${CMAKE_PREFIX_PATH}:/opt/ros/jazzy /usr/bin/cmake /home/michiakisugawara/ros_ws/src/r2_ctrl -DCMAKE_INSTALL_PREFIX=/home/michiakisugawara/ros_ws/src/r2_ctrl/install/r2_ctrl
[0.377s] -- The C compiler identification is GNU 13.3.0
[1.409s] -- The CXX compiler identification is GNU 13.3.0
[2.316s] -- Detecting C compiler ABI info
[2.654s] -- Detecting C compiler ABI info - done
[2.661s] -- Check for working C compiler: /usr/bin/cc - skipped
[2.663s] -- Detecting C compile features
[2.664s] -- Detecting C compile features - done
[2.800s] -- Detecting CXX compiler ABI info
[3.120s] -- Detecting CXX compiler ABI info - done
[3.126s] -- Check for working CXX compiler: /usr/bin/c++ - skipped
[3.126s] -- Detecting CXX compile features
[3.127s] -- Detecting CXX compile features - done
[3.135s] -- Found ament_cmake: 2.5.4 (/opt/ros/jazzy/share/ament_cmake/cmake)
[3.310s] -- Found Python3: /usr/bin/python3 (found version "3.12.3") found components: Interpreter 
[3.414s] -- Found rclcpp: 28.1.13 (/opt/ros/jazzy/share/rclcpp/cmake)
[3.710s] -- Found rosidl_generator_c: 4.6.6 (/opt/ros/jazzy/share/rosidl_generator_c/cmake)
[3.726s] -- Found rosidl_generator_cpp: 4.6.6 (/opt/ros/jazzy/share/rosidl_generator_cpp/cmake)
[3.748s] -- Using all available rosidl_typesupport_c: rosidl_typesupport_fastrtps_c;rosidl_typesupport_introspection_c
[3.772s] -- Using all available rosidl_typesupport_cpp: rosidl_typesupport_fastrtps_cpp;rosidl_typesupport_introspection_cpp
[3.895s] -- Found rmw_implementation_cmake: 7.3.2 (/opt/ros/jazzy/share/rmw_implementation_cmake/cmake)
[3.900s] -- Found rmw_fastrtps_cpp: 8.4.3 (/opt/ros/jazzy/share/rmw_fastrtps_cpp/cmake)
[3.985s] -- Found OpenSSL: /usr/lib/x86_64-linux-gnu/libcrypto.so (found version "3.0.13")  
[4.272s] -- Found FastRTPS: /opt/ros/jazzy/include (Required is at least version "2.13") 
[4.412s] -- Using RMW implementation 'rmw_fastrtps_cpp' as default
[4.693s] -- Found sensor_msgs: 5.3.6 (/opt/ros/jazzy/share/sensor_msgs/cmake)
[6.572s] [31mCMake Error at CMakeLists.txt:15 (find_package):
[6.572s]   By not providing "Findrobomas_package_2.cmake" in CMAKE_MODULE_PATH this
[6.572s]   project has asked CMake to find a package configuration file provided by
[6.572s]   "robomas_package_2", but CMake did not find one.
[6.572s] 
[6.572s]   Could not find a package configuration file provided by "robomas_package_2"
[6.572s]   with any of the following names:
[6.572s] 
[6.572s]     robomas_package_2Config.cmake
[6.572s]     robomas_package_2-config.cmake
[6.572s] 
[6.572s]   Add the installation prefix of "robomas_package_2" to CMAKE_PREFIX_PATH or
[6.573s]   set "robomas_package_2_DIR" to a directory containing one of the above
[6.573s]   files.  If "robomas_package_2" provides a separate development package or
[6.573s]   SDK, be sure it has been installed.
[6.573s] 
[6.573s] [0m
[6.573s] -- Configuring incomplete, errors occurred!
[6.581s] Invoked command in '/home/michiakisugawara/ros_ws/src/r2_ctrl/build/r2_ctrl' returned '1': CMAKE_PREFIX_PATH=${CMAKE_PREFIX_PATH}:/opt/ros/jazzy /usr/bin/cmake /home/michiakisugawara/ros_ws/src/r2_ctrl -DCMAKE_INSTALL_PREFIX=/home/michiakisugawara/ros_ws/src/r2_ctrl/install/r2_ctrl
