[0.367s] DEBUG:colcon:Command line arguments: ['/usr/bin/colcon', 'build']
[0.367s] DEBUG:colcon:Parsed command line arguments: Namespace(log_base=None, log_level=None, verb_name='build', build_base='build', install_base='install', merge_install=False, symlink_install=False, test_result_base=None, continue_on_error=False, executor='parallel', parallel_workers=12, event_handlers=None, ignore_user_meta=False, metas=['./colcon.meta'], base_paths=['.'], packages_ignore=None, packages_ignore_regex=None, paths=None, packages_up_to=None, packages_up_to_regex=None, packages_above=None, packages_above_and_dependencies=None, packages_above_depth=None, packages_select_by_dep=None, packages_skip_by_dep=None, packages_skip_up_to=None, packages_select_build_failed=False, packages_skip_build_finished=False, packages_select_test_failures=False, packages_skip_test_passed=False, packages_select=None, packages_skip=None, packages_select_regex=None, packages_skip_regex=None, packages_start=None, packages_end=None, cmake_args=None, cmake_target=None, cmake_target_skip_unavailable=False, cmake_clean_cache=False, cmake_clean_first=False, cmake_force_configure=False, ament_cmake_args=None, catkin_cmake_args=None, catkin_skip_building_tests=False, verb_parser=<colcon_defaults.argument_parser.defaults.DefaultArgumentsDecorator object at 0x76826f010950>, verb_extension=<colcon_core.verb.build.BuildVerb object at 0x76826f1351f0>, main=<bound method BuildVerb.main of <colcon_core.verb.build.BuildVerb object at 0x76826f1351f0>>)
[0.433s] Level 1:colcon.colcon_core.package_discovery:discover_packages(colcon_meta) check parameters
[0.433s] Level 1:colcon.colcon_core.package_discovery:discover_packages(recursive) check parameters
[0.433s] Level 1:colcon.colcon_core.package_discovery:discover_packages(ignore) check parameters
[0.433s] Level 1:colcon.colcon_core.package_discovery:discover_packages(path) check parameters
[0.433s] Level 1:colcon.colcon_core.package_discovery:discover_packages(colcon_meta) discover
[0.433s] Level 1:colcon.colcon_core.package_discovery:discover_packages(recursive) discover
[0.433s] INFO:colcon.colcon_core.package_discovery:Crawling recursively for packages in '/home/michiakisugawara/ros_ws/src/r2_ctrl'
[0.433s] Level 1:colcon.colcon_core.package_identification:_identify(.) by extensions ['ignore', 'ignore_ament_install']
[0.433s] Level 1:colcon.colcon_core.package_identification:_identify(.) by extension 'ignore'
[0.433s] Level 1:colcon.colcon_core.package_identification:_identify(.) by extension 'ignore_ament_install'
[0.433s] Level 1:colcon.colcon_core.package_identification:_identify(.) by extensions ['colcon_pkg']
[0.433s] Level 1:colcon.colcon_core.package_identification:_identify(.) by extension 'colcon_pkg'
[0.433s] Level 1:colcon.colcon_core.package_identification:_identify(.) by extensions ['colcon_meta']
[0.433s] Level 1:colcon.colcon_core.package_identification:_identify(.) by extension 'colcon_meta'
[0.433s] Level 1:colcon.colcon_core.package_identification:_identify(.) by extensions ['ros']
[0.433s] Level 1:colcon.colcon_core.package_identification:_identify(.) by extension 'ros'
[0.473s] DEBUG:colcon.colcon_core.package_identification:Package '.' with type 'ros.ament_cmake' and name 'r2_ctrl'
[0.473s] Level 1:colcon.colcon_core.package_discovery:discover_packages(recursive) using defaults
[0.473s] Level 1:colcon.colcon_core.package_discovery:discover_packages(ignore) discover
[0.473s] Level 1:colcon.colcon_core.package_discovery:discover_packages(ignore) using defaults
[0.473s] Level 1:colcon.colcon_core.package_discovery:discover_packages(path) discover
[0.473s] Level 1:colcon.colcon_core.package_discovery:discover_packages(path) using defaults
[0.501s] Level 5:colcon.colcon_core.verb:set package 'r2_ctrl' build argument 'cmake_args' from command line to 'None'
[0.501s] Level 5:colcon.colcon_core.verb:set package 'r2_ctrl' build argument 'cmake_target' from command line to 'None'
[0.501s] Level 5:colcon.colcon_core.verb:set package 'r2_ctrl' build argument 'cmake_target_skip_unavailable' from command line to 'False'
[0.502s] Level 5:colcon.colcon_core.verb:set package 'r2_ctrl' build argument 'cmake_clean_cache' from command line to 'False'
[0.502s] Level 5:colcon.colcon_core.verb:set package 'r2_ctrl' build argument 'cmake_clean_first' from command line to 'False'
[0.502s] Level 5:colcon.colcon_core.verb:set package 'r2_ctrl' build argument 'cmake_force_configure' from command line to 'False'
[0.502s] Level 5:colcon.colcon_core.verb:set package 'r2_ctrl' build argument 'ament_cmake_args' from command line to 'None'
[0.502s] Level 5:colcon.colcon_core.verb:set package 'r2_ctrl' build argument 'catkin_cmake_args' from command line to 'None'
[0.502s] Level 5:colcon.colcon_core.verb:set package 'r2_ctrl' build argument 'catkin_skip_building_tests' from command line to 'False'
[0.502s] DEBUG:colcon.colcon_core.verb:Building package 'r2_ctrl' with the following arguments: {'ament_cmake_args': None, 'build_base': '/home/michiakisugawara/ros_ws/src/r2_ctrl/build/r2_ctrl', 'catkin_cmake_args': None, 'catkin_skip_building_tests': False, 'cmake_args': None, 'cmake_clean_cache': False, 'cmake_clean_first': False, 'cmake_force_configure': False, 'cmake_target': None, 'cmake_target_skip_unavailable': False, 'install_base': '/home/michiakisugawara/ros_ws/src/r2_ctrl/install/r2_ctrl', 'merge_install': False, 'path': '/home/michiakisugawara/ros_ws/src/r2_ctrl', 'symlink_install': False, 'test_result_base': None}
[0.502s] INFO:colcon.colcon_core.executor:Executing jobs using 'parallel' executor
[0.503s] DEBUG:colcon.colcon_parallel_executor.executor.parallel:run_until_complete
[0.503s] INFO:colcon.colcon_ros.task.ament_cmake.build:Building ROS package in '/home/michiakisugawara/ros_ws/src/r2_ctrl' with build type 'ament_cmake'
[0.503s] INFO:colcon.colcon_cmake.task.cmake.build:Building CMake package in '/home/michiakisugawara/ros_ws/src/r2_ctrl'
[0.508s] INFO:colcon.colcon_core.plugin_system:Skipping extension 'colcon_core.shell.bat': Not used on non-Windows systems
[0.508s] DEBUG:colcon.colcon_core.shell:Skip shell extension 'dsv' for command environment
[0.521s] DEBUG:colcon.colcon_core.event_handler.log_command:Invoking command in '/home/michiakisugawara/ros_ws/src/r2_ctrl/build/r2_ctrl': CMAKE_PREFIX_PATH=${CMAKE_PREFIX_PATH}:/opt/ros/jazzy /usr/bin/cmake /home/michiakisugawara/ros_ws/src/r2_ctrl -DCMAKE_INSTALL_PREFIX=/home/michiakisugawara/ros_ws/src/r2_ctrl/install/r2_ctrl
[7.084s] DEBUG:colcon.colcon_core.event_handler.log_command:Invoked command in '/home/michiakisugawara/ros_ws/src/r2_ctrl/build/r2_ctrl' returned '1': CMAKE_PREFIX_PATH=${CMAKE_PREFIX_PATH}:/opt/ros/jazzy /usr/bin/cmake /home/michiakisugawara/ros_ws/src/r2_ctrl -DCMAKE_INSTALL_PREFIX=/home/michiakisugawara/ros_ws/src/r2_ctrl/install/r2_ctrl
[7.095s] Level 1:colcon.colcon_core.environment:create_environment_scripts_only(r2_ctrl)
[7.103s] Level 1:colcon.colcon_core.environment:checking '/home/michiakisugawara/ros_ws/src/r2_ctrl/install/r2_ctrl' for CMake module files
[7.104s] Level 1:colcon.colcon_core.environment:checking '/home/michiakisugawara/ros_ws/src/r2_ctrl/install/r2_ctrl' for CMake config files
[7.104s] Level 1:colcon.colcon_core.environment:checking '/home/michiakisugawara/ros_ws/src/r2_ctrl/install/r2_ctrl/bin'
[7.104s] Level 1:colcon.colcon_core.environment:checking '/home/michiakisugawara/ros_ws/src/r2_ctrl/install/r2_ctrl/lib/pkgconfig/r2_ctrl.pc'
[7.106s] Level 1:colcon.colcon_core.environment:checking '/home/michiakisugawara/ros_ws/src/r2_ctrl/install/r2_ctrl/lib/python3.12/site-packages'
[7.106s] Level 1:colcon.colcon_core.environment:checking '/home/michiakisugawara/ros_ws/src/r2_ctrl/install/r2_ctrl/bin'
[7.106s] INFO:colcon.colcon_core.shell:Creating package descriptor '/home/michiakisugawara/ros_ws/src/r2_ctrl/install/r2_ctrl/share/r2_ctrl/package.dsv'
[7.108s] INFO:colcon.colcon_core.shell:Creating package script '/home/michiakisugawara/ros_ws/src/r2_ctrl/install/r2_ctrl/share/r2_ctrl/package.sh'
[7.109s] INFO:colcon.colcon_core.shell:Creating package script '/home/michiakisugawara/ros_ws/src/r2_ctrl/install/r2_ctrl/share/r2_ctrl/package.bash'
[7.110s] INFO:colcon.colcon_core.shell:Creating package script '/home/michiakisugawara/ros_ws/src/r2_ctrl/install/r2_ctrl/share/r2_ctrl/package.zsh'
[7.111s] Level 1:colcon.colcon_core.environment:create_file_with_runtime_dependencies(/home/michiakisugawara/ros_ws/src/r2_ctrl/install/r2_ctrl/share/colcon-core/packages/r2_ctrl)
[7.122s] DEBUG:colcon.colcon_parallel_executor.executor.parallel:closing loop
[7.122s] DEBUG:colcon.colcon_parallel_executor.executor.parallel:loop closed
[7.122s] DEBUG:colcon.colcon_parallel_executor.executor.parallel:run_until_complete finished with '1'
[7.122s] DEBUG:colcon.colcon_core.event_reactor:joining thread
[7.186s] INFO:colcon.colcon_core.plugin_system:Skipping extension 'colcon_notification.desktop_notification.notify_send': Could not find 'notify-send'
[7.187s] INFO:colcon.colcon_core.plugin_system:Skipping extension 'colcon_notification.desktop_notification.terminal_notifier': Not used on non-Darwin systems
[7.187s] INFO:colcon.colcon_core.plugin_system:Skipping extension 'colcon_notification.desktop_notification.win32': Not used on non-Windows systems
[7.187s] INFO:colcon.colcon_notification.desktop_notification:Sending desktop notification using 'notify2'
[7.226s] DEBUG:colcon.colcon_notification.desktop_notification.notify2:Failed to initialize notify2: org.freedesktop.DBus.Error.ServiceUnknown: The name org.freedesktop.Notifications was not provided by any .service files
[7.226s] DEBUG:colcon.colcon_core.event_reactor:joined thread
[7.227s] INFO:colcon.colcon_core.shell:Creating prefix script '/home/michiakisugawara/ros_ws/src/r2_ctrl/install/local_setup.sh'
[7.228s] INFO:colcon.colcon_core.shell:Creating prefix util module '/home/michiakisugawara/ros_ws/src/r2_ctrl/install/_local_setup_util_sh.py'
[7.229s] INFO:colcon.colcon_core.shell:Creating prefix chain script '/home/michiakisugawara/ros_ws/src/r2_ctrl/install/setup.sh'
[7.231s] INFO:colcon.colcon_core.shell:Creating prefix script '/home/michiakisugawara/ros_ws/src/r2_ctrl/install/local_setup.bash'
[7.231s] INFO:colcon.colcon_core.shell:Creating prefix chain script '/home/michiakisugawara/ros_ws/src/r2_ctrl/install/setup.bash'
[7.232s] INFO:colcon.colcon_core.shell:Creating prefix script '/home/michiakisugawara/ros_ws/src/r2_ctrl/install/local_setup.zsh'
[7.233s] INFO:colcon.colcon_core.shell:Creating prefix chain script '/home/michiakisugawara/ros_ws/src/r2_ctrl/install/setup.zsh'
